<?xml version="1.0" encoding="UTF-8"?>
<testng-results ignored="0" total="4" passed="4" failed="0" skipped="0">
  <reporter-output>
  </reporter-output>
  <suite started-at="2026-07-08T18:12:43 IST" name="Default suite" finished-at="2026-07-08T18:12:43 IST" duration-ms="74">
    <groups>
    </groups>
    <test started-at="2026-07-08T18:12:43 IST" name="Default test" finished-at="2026-07-08T18:12:43 IST" duration-ms="74">
      <class name="com.example.CalculatorTest">
        <test-method signature="testAdd()[pri:0, instance:com.example.CalculatorTest@564fabc8]" started-at="2026-07-08T18:12:43 IST" name="testAdd" finished-at="2026-07-08T18:12:43 IST" duration-ms="13" status="PASS">
          <reporter-output>
          </reporter-output>
        </test-method> <!-- testAdd -->
        <test-method signature="testDivide()[pri:0, instance:com.example.CalculatorTest@564fabc8]" started-at="2026-07-08T18:12:43 IST" name="testDivide" finished-at="2026-07-08T18:12:43 IST" duration-ms="1" status="PASS">
          <reporter-output>
          </reporter-output>
        </test-method> <!-- testDivide -->
        <test-method signature="testMultiply()[pri:0, instance:com.example.CalculatorTest@564fabc8]" started-at="2026-07-08T18:12:43 IST" name="testMultiply" finished-at="2026-07-08T18:12:43 IST" duration-ms="2" status="PASS">
          <reporter-output>
          </reporter-output>
        </test-method> <!-- testMultiply -->
        <test-method signature="testSubtract()[pri:0, instance:com.example.CalculatorTest@564fabc8]" started-at="2026-07-08T18:12:43 IST" name="testSubtract" finished-at="2026-07-08T18:12:43 IST" duration-ms="1" status="PASS">
          <reporter-output>
          </reporter-output>
        </test-method> <!-- testSubtract -->
      </class> <!-- com.example.CalculatorTest -->
    </test> <!-- Default test -->
  </suite> <!-- Default suite -->
</testng-results>
