<?xml version="1.0" encoding="UTF-8"?>
<!-- Generated by org.testng.reporters.JUnitReportReporter -->
<testsuite hostname="DESKTOP-L3CQOVE" failures="0" tests="4" name="com.example.CalculatorTest" time="0.017" errors="0" timestamp="2026-07-08T18:12:43 IST" skipped="0">
  <testcase classname="com.example.CalculatorTest" name="testDivide" time="0.001"/>
  <testcase classname="com.example.CalculatorTest" name="testMultiply" time="0.002"/>
  <testcase classname="com.example.CalculatorTest" name="testSubtract" time="0.001"/>
  <testcase classname="com.example.CalculatorTest" name="testAdd" time="0.013"/>
</testsuite> <!-- com.example.CalculatorTest -->
